#
# There is insufficient memory for the Java Runtime Environment to continue.
# Native memory allocation (mmap) failed to map 65536 bytes for Failed to commit metaspace.
# Possible reasons:
#   The system is out of physical RAM or swap space
#   The process is running with CompressedOops enabled, and the Java Heap may be blocking the growth of the native heap
# Possible solutions:
#   Reduce memory load on the system
#   Increase physical memory or swap space
#   Check if swap backing store is full
#   Decrease Java heap size (-Xmx/-Xms)
#   Decrease number of Java threads
#   Decrease Java thread stack sizes (-Xss)
#   Set larger code cache with -XX:ReservedCodeCacheSize=
#   JVM is running with Unscaled Compressed Oops mode in which the Java heap is
#     placed in the first 4GB address space. The Java Heap base address is the
#     maximum limit for the native heap growth. Please use -XX:HeapBaseMinAddress
#     to set the Java Heap base and to place the Java Heap above 4GB virtual address.
# This output file may be truncated or incomplete.
#
#  Out of Memory Error (virtualSpaceNode.cpp:110), pid=15660, tid=5796
#
# JRE version: OpenJDK Runtime Environment Temurin-17.0.2+8 (17.0.2+8) (build 17.0.2+8)
# Java VM: OpenJDK 64-Bit Server VM Temurin-17.0.2+8 (17.0.2+8, mixed mode, tiered, compressed oops, compressed class ptrs, parallel gc, windows-amd64)
# No core dump will be written. Minidumps are not enabled by default on client versions of Windows
#

---------------  S U M M A R Y ------------

Command Line: --add-modules=ALL-SYSTEM --add-opens=java.base/java.util=ALL-UNNAMED --add-opens=java.base/java.lang=ALL-UNNAMED --add-opens=java.base/sun.nio.fs=ALL-UNNAMED -Declipse.application=org.eclipse.jdt.ls.core.id1 -Dosgi.bundles.defaultStartLevel=4 -Declipse.product=org.eclipse.jdt.ls.core.product -Djava.import.generatesMetadataFilesAtProjectRoot=false -Dfile.encoding=utf8 -DwatchParentProcess=false -XX:+UseParallelGC -XX:GCTimeRatio=4 -XX:AdaptiveSizePolicyWeight=90 -Dsun.zip.disableMemoryMapping=true -Xmx1G -Xms100m c:\Users\jsg89\.vscode\extensions\redhat.java-1.5.0-win32-x64\server\plugins\org.eclipse.equinox.launcher_1.6.400.v20210924-0641.jar -configuration c:\Users\jsg89\AppData\Roaming\Code\User\globalStorage\redhat.java\1.5.0\config_ss_win -data c:\Users\jsg89\AppData\Roaming\Code\User\workspaceStorage\012c0a4babd1442ed0c8326ae860b403\redhat.java\ss_ws

Host: AMD Ryzen 5 5500U with Radeon Graphics         , 12 cores, 15G,  Windows 10 , 64 bit Build 19041 (10.0.19041.1741)
Time: Mon Jul 11 19:36:21 2022  Windows 10 , 64 bit Build 19041 (10.0.19041.1741) elapsed time: 3.636450 seconds (0d 0h 0m 3s)

---------------  T H R E A D  ---------------

Current thread (0x0000018a62657b60):  JavaThread "pool-1-thread-1" [_thread_in_vm, id=5796, stack(0x00000033d9000000,0x00000033d9100000)]

Stack: [0x00000033d9000000,0x00000033d9100000]
Native frames: (J=compiled Java code, j=interpreted, Vv=VM code, C=native code)
V  [jvm.dll+0x67564a]
V  [jvm.dll+0x82fc04]
V  [jvm.dll+0x8313ae]
V  [jvm.dll+0x831a13]
V  [jvm.dll+0x245235]
V  [jvm.dll+0x82bbab]
V  [jvm.dll+0x61a336]
V  [jvm.dll+0x61a39a]
V  [jvm.dll+0x61cbba]
V  [jvm.dll+0x61acd6]
V  [jvm.dll+0x23ce48]
V  [jvm.dll+0x6cba25]
V  [jvm.dll+0x6cc41f]
V  [jvm.dll+0x36f9b3]
V  [jvm.dll+0x36eb72]
V  [jvm.dll+0x36eb18]
V  [jvm.dll+0x55b06f]
V  [jvm.dll+0x55b118]
V  [jvm.dll+0x3824de]
V  [jvm.dll+0x381f82]
C  0x0000018a4cc98768

Java frames: (J=compiled Java code, j=interpreted, Vv=VM code)
j  java.time.LocalDate.of(III)Ljava/time/LocalDate;+0 java.base@17.0.2
j  java.time.LocalDate.<clinit>()V+5 java.base@17.0.2
v  ~StubRoutines::call_stub
j  java.time.LocalDateTime.<clinit>()V+0 java.base@17.0.2
v  ~StubRoutines::call_stub
j  java.time.zone.ZoneOffsetTransition.<init>(JLjava/time/ZoneOffset;Ljava/time/ZoneOffset;)V+13 java.base@17.0.2
j  java.time.zone.ZoneRules.<init>([J[Ljava/time/ZoneOffset;[J[Ljava/time/ZoneOffset;[Ljava/time/zone/ZoneOffsetTransitionRule;)V+104 java.base@17.0.2
j  java.time.zone.ZoneRules.readExternal(Ljava/io/DataInput;)Ljava/time/zone/ZoneRules;+272 java.base@17.0.2
j  java.time.zone.Ser.readInternal(BLjava/io/DataInput;)Ljava/io/Serializable;+29 java.base@17.0.2
j  java.time.zone.Ser.read(Ljava/io/DataInput;)Ljava/io/Serializable;+9 java.base@17.0.2
j  java.time.zone.TzdbZoneRulesProvider.provideRules(Ljava/lang/String;Z)Ljava/time/zone/ZoneRules;+75 java.base@17.0.2
j  java.time.zone.ZoneRulesProvider.getRules(Ljava/lang/String;Z)Ljava/time/zone/ZoneRules;+13 java.base@17.0.2
j  java.time.ZoneRegion.ofId(Ljava/lang/String;Z)Ljava/time/ZoneRegion;+15 java.base@17.0.2
j  java.time.ZoneId.of(Ljava/lang/String;Z)Ljava/time/ZoneId;+81 java.base@17.0.2
j  java.time.ZoneId.of(Ljava/lang/String;)Ljava/time/ZoneId;+2 java.base@17.0.2
j  java.time.ZoneId.of(Ljava/lang/String;Ljava/util/Map;)Ljava/time/ZoneId;+33 java.base@17.0.2
j  java.util.TimeZone.toZoneId0()Ljava/time/ZoneId;+97 java.base@17.0.2
j  java.util.TimeZone.toZoneId()Ljava/time/ZoneId;+11 java.base@17.0.2
j  java.util.TimeZone.toZoneId0()Ljava/time/ZoneId;+30 java.base@17.0.2
j  java.util.TimeZone.toZoneId()Ljava/time/ZoneId;+11 java.base@17.0.2
j  java.time.ZoneId.systemDefault()Ljava/time/ZoneId;+3 java.base@17.0.2
j  java.util.logging.SimpleFormatter.format(Ljava/util/logging/LogRecord;)Ljava/lang/String;+4 java.logging@17.0.2
j  java.util.logging.StreamHandler.publish(Ljava/util/logging/LogRecord;)V+14 java.logging@17.0.2
j  java.util.logging.ConsoleHandler.publish(Ljava/util/logging/LogRecord;)V+2 java.logging@17.0.2
j  java.util.logging.Logger.log(Ljava/util/logging/LogRecord;)V+90 java.logging@17.0.2
j  java.util.logging.Logger.doLog(Ljava/util/logging/LogRecord;)V+46 java.logging@17.0.2
j  java.util.logging.Logger.log(Ljava/util/logging/Level;Ljava/lang/String;Ljava/lang/Throwable;)V+29 java.logging@17.0.2
j  org.eclipse.lsp4j.jsonrpc.RemoteEndpoint.fallbackResponseError(Ljava/lang/String;Ljava/lang/Throwable;)Lorg/eclipse/lsp4j/jsonrpc/messages/ResponseError;+33
j  org.eclipse.lsp4j.jsonrpc.RemoteEndpoint.lambda$static$0(Ljava/lang/Throwable;)Lorg/eclipse/lsp4j/jsonrpc/messages/ResponseError;+53
j  org.eclipse.lsp4j.jsonrpc.RemoteEndpoint$$Lambda$169+0x000000010031fd28.apply(Ljava/lang/Object;)Ljava/lang/Object;+4
j  org.eclipse.lsp4j.jsonrpc.RemoteEndpoint.handleRequest(Lorg/eclipse/lsp4j/jsonrpc/messages/RequestMessage;)V+27
j  org.eclipse.lsp4j.jsonrpc.RemoteEndpoint.consume(Lorg/eclipse/lsp4j/jsonrpc/messages/Message;)V+34
j  org.eclipse.lsp4j.jsonrpc.json.StreamMessageProducer.handleMessage(Ljava/io/InputStream;Lorg/eclipse/lsp4j/jsonrpc/json/StreamMessageProducer$Headers;)Z+99
j  org.eclipse.lsp4j.jsonrpc.json.StreamMessageProducer.listen(Lorg/eclipse/lsp4j/jsonrpc/MessageConsumer;)V+158
j  org.eclipse.lsp4j.jsonrpc.json.ConcurrentMessageProcessor.run()V+12
j  java.util.concurrent.Executors$RunnableAdapter.call()Ljava/lang/Object;+4 java.base@17.0.2
j  java.util.concurrent.FutureTask.run()V+39 java.base@17.0.2
j  java.util.concurrent.ThreadPoolExecutor.runWorker(Ljava/util/concurrent/ThreadPoolExecutor$Worker;)V+92 java.base@17.0.2
j  java.util.concurrent.ThreadPoolExecutor$Worker.run()V+5 java.base@17.0.2
j  java.lang.Thread.run()V+11 java.base@17.0.2
v  ~StubRoutines::call_stub

---------------  P R O C E S S  ---------------

Threads class SMR info:
_java_thread_list=0x0000018a62dd6d90, length=35, elements={
0x0000018a49ff4250, 0x0000018a5de7ac50, 0x0000018a5de7c1b0, 0x0000018a5fbd95e0,
0x0000018a5fbda000, 0x0000018a5fbdad80, 0x0000018a5fbdf200, 0x0000018a5fbe1650,
0x0000018a5fbf83d0, 0x0000018a5fbf9470, 0x0000018a5fd2b000, 0x0000018a5fe12040,
0x0000018a611192c0, 0x0000018a61256e50, 0x0000018a61257320, 0x0000018a612577f0,
0x0000018a61257cc0, 0x0000018a61258190, 0x0000018a612059e0, 0x0000018a61307980,
0x0000018a611a6b30, 0x0000018a611a57f0, 0x0000018a611a6190, 0x0000018a611a4e50,
0x0000018a611a5cc0, 0x0000018a611a74d0, 0x0000018a611a79a0, 0x0000018a611a7e70,
0x0000018a611a5320, 0x0000018a626589d0, 0x0000018a62658500, 0x0000018a62656cf0,
0x0000018a626571c0, 0x0000018a6265b9f0, 0x0000018a62657b60
}

Java Threads: ( => current thread )
  0x0000018a49ff4250 JavaThread "main" [_thread_blocked, id=19196, stack(0x00000033d5e00000,0x00000033d5f00000)]
  0x0000018a5de7ac50 JavaThread "Reference Handler" daemon [_thread_blocked, id=19104, stack(0x00000033d6100000,0x00000033d6200000)]
  0x0000018a5de7c1b0 JavaThread "Finalizer" daemon [_thread_blocked, id=14960, stack(0x00000033d6200000,0x00000033d6300000)]
  0x0000018a5fbd95e0 JavaThread "Signal Dispatcher" daemon [_thread_blocked, id=13612, stack(0x00000033d6300000,0x00000033d6400000)]
  0x0000018a5fbda000 JavaThread "Attach Listener" daemon [_thread_blocked, id=18540, stack(0x00000033d6400000,0x00000033d6500000)]
  0x0000018a5fbdad80 JavaThread "Service Thread" daemon [_thread_blocked, id=16468, stack(0x00000033d6500000,0x00000033d6600000)]
  0x0000018a5fbdf200 JavaThread "Monitor Deflation Thread" daemon [_thread_blocked, id=18036, stack(0x00000033d6600000,0x00000033d6700000)]
  0x0000018a5fbe1650 JavaThread "C2 CompilerThread0" daemon [_thread_blocked, id=12740, stack(0x00000033d6700000,0x00000033d6800000)]
  0x0000018a5fbf83d0 JavaThread "C1 CompilerThread0" daemon [_thread_blocked, id=19120, stack(0x00000033d6800000,0x00000033d6900000)]
  0x0000018a5fbf9470 JavaThread "Sweeper thread" daemon [_thread_blocked, id=18276, stack(0x00000033d6900000,0x00000033d6a00000)]
  0x0000018a5fd2b000 JavaThread "Common-Cleaner" daemon [_thread_blocked, id=3452, stack(0x00000033d6a00000,0x00000033d6b00000)]
  0x0000018a5fe12040 JavaThread "Notification Thread" daemon [_thread_blocked, id=10164, stack(0x00000033d6b00000,0x00000033d6c00000)]
  0x0000018a611192c0 JavaThread "Equinox resolver thread - Equinox Container: aa947074-2c83-4e36-8cce-94dc94af176d" daemon [_thread_blocked, id=18464, stack(0x00000033d6e00000,0x00000033d6f00000)]
  0x0000018a61256e50 JavaThread "Equinox resolver thread - Equinox Container: aa947074-2c83-4e36-8cce-94dc94af176d" daemon [_thread_blocked, id=16944, stack(0x00000033d6f00000,0x00000033d7000000)]
  0x0000018a61257320 JavaThread "Equinox resolver thread - Equinox Container: aa947074-2c83-4e36-8cce-94dc94af176d" daemon [_thread_blocked, id=2980, stack(0x00000033d7000000,0x00000033d7100000)]
  0x0000018a612577f0 JavaThread "Equinox resolver thread - Equinox Container: aa947074-2c83-4e36-8cce-94dc94af176d" daemon [_thread_blocked, id=8196, stack(0x00000033d7100000,0x00000033d7200000)]
  0x0000018a61257cc0 JavaThread "Equinox resolver thread - Equinox Container: aa947074-2c83-4e36-8cce-94dc94af176d" daemon [_thread_blocked, id=16212, stack(0x00000033d7200000,0x00000033d7300000)]
  0x0000018a61258190 JavaThread "Equinox resolver thread - Equinox Container: aa947074-2c83-4e36-8cce-94dc94af176d" daemon [_thread_blocked, id=13152, stack(0x00000033d7300000,0x00000033d7400000)]
  0x0000018a612059e0 JavaThread "Active Thread: Equinox Container: aa947074-2c83-4e36-8cce-94dc94af176d" [_thread_blocked, id=9276, stack(0x00000033d7400000,0x00000033d7500000)]
  0x0000018a61307980 JavaThread "Framework Event Dispatcher: Equinox Container: aa947074-2c83-4e36-8cce-94dc94af176d" daemon [_thread_blocked, id=16420, stack(0x00000033d7a00000,0x00000033d7b00000)]
  0x0000018a611a6b30 JavaThread "Start Level: Equinox Container: aa947074-2c83-4e36-8cce-94dc94af176d" daemon [_thread_blocked, id=17788, stack(0x00000033d7b00000,0x00000033d7c00000)]
  0x0000018a611a57f0 JavaThread "Refresh Thread: Equinox Container: aa947074-2c83-4e36-8cce-94dc94af176d" daemon [_thread_blocked, id=13908, stack(0x00000033d7d00000,0x00000033d7e00000)]
  0x0000018a611a6190 JavaThread "Equinox resolver thread - Equinox Container: aa947074-2c83-4e36-8cce-94dc94af176d" daemon [_thread_blocked, id=15036, stack(0x00000033d7e00000,0x00000033d7f00000)]
  0x0000018a611a4e50 JavaThread "Equinox resolver thread - Equinox Container: aa947074-2c83-4e36-8cce-94dc94af176d" daemon [_thread_blocked, id=9804, stack(0x00000033d7f00000,0x00000033d8000000)]
  0x0000018a611a5cc0 JavaThread "Equinox resolver thread - Equinox Container: aa947074-2c83-4e36-8cce-94dc94af176d" daemon [_thread_blocked, id=7584, stack(0x00000033d8000000,0x00000033d8100000)]
  0x0000018a611a74d0 JavaThread "Equinox resolver thread - Equinox Container: aa947074-2c83-4e36-8cce-94dc94af176d" daemon [_thread_blocked, id=18704, stack(0x00000033d8100000,0x00000033d8200000)]
  0x0000018a611a79a0 JavaThread "Equinox resolver thread - Equinox Container: aa947074-2c83-4e36-8cce-94dc94af176d" daemon [_thread_blocked, id=10344, stack(0x00000033d8200000,0x00000033d8300000)]
  0x0000018a611a7e70 JavaThread "Equinox resolver thread - Equinox Container: aa947074-2c83-4e36-8cce-94dc94af176d" daemon [_thread_blocked, id=12324, stack(0x00000033d8300000,0x00000033d8400000)]
  0x0000018a611a5320 JavaThread "SCR Component Actor" daemon [_thread_blocked, id=10600, stack(0x00000033d8500000,0x00000033d8600000)]
  0x0000018a626589d0 JavaThread "Timer-0" [_thread_blocked, id=2420, stack(0x00000033d8600000,0x00000033d8700000)]
  0x0000018a62658500 JavaThread "Worker-JM" [_thread_blocked, id=10892, stack(0x00000033d8700000,0x00000033d8800000)]
  0x0000018a62656cf0 JavaThread "Worker-0" [_thread_blocked, id=17168, stack(0x00000033d8800000,0x00000033d8900000)]
  0x0000018a626571c0 JavaThread "Worker-1" [_thread_blocked, id=3200, stack(0x00000033d8900000,0x00000033d8a00000)]
  0x0000018a6265b9f0 JavaThread "Worker-2" [_thread_blocked, id=14300, stack(0x00000033d8c00000,0x00000033d8d00000)]
=>0x0000018a62657b60 JavaThread "pool-1-thread-1" [_thread_in_vm, id=5796, stack(0x00000033d9000000,0x00000033d9100000)]

Other Threads:
  0x0000018a5fb92750 VMThread "VM Thread" [stack: 0x00000033d6000000,0x00000033d6100000] [id=18844]
  0x0000018a5fe12510 WatcherThread [stack: 0x00000033d6c00000,0x00000033d6d00000] [id=17004]
  0x0000018a4a008f50 GCTaskThread "GC Thread#0" [stack: 0x00000033d5f00000,0x00000033d6000000] [id=15992]
  0x0000018a61254700 GCTaskThread "GC Thread#1" [stack: 0x00000033d6d00000,0x00000033d6e00000] [id=18460]
  0x0000018a610ffca0 GCTaskThread "GC Thread#2" [stack: 0x00000033d7500000,0x00000033d7600000] [id=12532]
  0x0000018a613d2770 GCTaskThread "GC Thread#3" [stack: 0x00000033d7600000,0x00000033d7700000] [id=17784]
  0x0000018a613d2e30 GCTaskThread "GC Thread#4" [stack: 0x00000033d7700000,0x00000033d7800000] [id=14596]
  0x0000018a613ea080 GCTaskThread "GC Thread#5" [stack: 0x00000033d7800000,0x00000033d7900000] [id=14176]
  0x0000018a613eab40 GCTaskThread "GC Thread#6" [stack: 0x00000033d7900000,0x00000033d7a00000] [id=16168]
  0x0000018a62645810 GCTaskThread "GC Thread#7" [stack: 0x00000033d7c00000,0x00000033d7d00000] [id=12728]
  0x0000018a628fdf40 GCTaskThread "GC Thread#8" [stack: 0x00000033d8a00000,0x00000033d8b00000] [id=17056]
  0x0000018a62968870 GCTaskThread "GC Thread#9" [stack: 0x00000033d8b00000,0x00000033d8c00000] [id=18968]

Threads with active compile tasks:

VM state: not at safepoint (normal execution)

VM Mutex/Monitor currently owned by a thread:  ([mutex/lock_event])
[0x0000018a49ff0c00] Metaspace_lock - owner thread: 0x0000018a62657b60

Heap address: 0x00000000c0000000, size: 1024 MB, Compressed Oops mode: 32-bit

CDS archive(s) not mapped
Compressed class space mapped at: 0x0000000100000000-0x0000000140000000, reserved size: 1073741824
Narrow klass base: 0x0000000000000000, Narrow klass shift: 3, Narrow klass range: 0x140000000

GC Precious Log:
 CPUs: 12 total, 12 available
 Memory: 15754M
 Large Page Support: Disabled
 NUMA Support: Disabled
 Compressed Oops: Enabled (32-bit)
 Alignments: Space 512K, Generation 512K, Heap 2M
 Heap Min Capacity: 100M
 Heap Initial Capacity: 100M
 Heap Max Capacity: 1G
 Pre-touch: Disabled
 Parallel Workers: 10

Heap:
 PSYoungGen      total 29696K, used 14087K [0x00000000eab00000, 0x00000000ecc00000, 0x0000000100000000)
  eden space 25600K, 49% used [0x00000000eab00000,0x00000000eb745c28,0x00000000ec400000)
  from space 4096K, 37% used [0x00000000ec800000,0x00000000ec97c010,0x00000000ecc00000)
  to   space 4096K, 0% used [0x00000000ec400000,0x00000000ec400000,0x00000000ec800000)
 ParOldGen       total 68608K, used 7953K [0x00000000c0000000, 0x00000000c4300000, 0x00000000eab00000)
  object space 68608K, 11% used [0x00000000c0000000,0x00000000c07c4688,0x00000000c4300000)
 Metaspace       used 32648K, committed 33216K, reserved 1081344K
  class space    used 3309K, committed 3584K, reserved 1048576K

Card table byte_map: [0x0000018a499b0000,0x0000018a49bc0000] _byte_map_base: 0x0000018a493b0000

Marking Bits: (ParMarkBitMap*) 0x00007ff94bf03af0
 Begin Bits: [0x0000018a5bc80000, 0x0000018a5cc80000)
 End Bits:   [0x0000018a5cc80000, 0x0000018a5dc80000)

Polling page: 0x0000018a47fe0000

Metaspace:

Usage:
  Non-class:     28.65 MB used.
      Class:      3.23 MB used.
       Both:     31.88 MB used.

Virtual space:
  Non-class space:       32.00 MB reserved,      28.94 MB ( 90%) committed,  4 nodes.
      Class space:        1.00 GB reserved,       3.50 MB ( <1%) committed,  1 nodes.
             Both:        1.03 GB reserved,      32.44 MB (  3%) committed. 

Chunk freelists:
   Non-Class:  2.19 MB
       Class:  480.00 KB
        Both:  2.66 MB

MaxMetaspaceSize: unlimited
CompressedClassSpaceSize: 1.00 GB
Initial GC threshold: 21.00 MB
Current GC threshold: 35.00 MB
CDS: off
MetaspaceReclaimPolicy: balanced
 - commit_granule_bytes: 65536.
 - commit_granule_words: 8192.
 - virtual_space_node_default_size: 1048576.
 - enlarge_chunks_in_place: 1.
 - new_chunks_are_fully_committed: 0.
 - uncommit_free_chunks: 1.
 - use_allocation_guard: 0.
 - handle_deallocations: 1.


Internal statistics:

num_allocs_failed_limit: 3.
num_arena_births: 202.
num_arena_deaths: 0.
num_vsnodes_births: 5.
num_vsnodes_deaths: 0.
num_space_committed: 519.
num_space_uncommitted: 0.
num_chunks_returned_to_freelist: 3.
num_chunks_taken_from_freelist: 1108.
num_chunk_merges: 3.
num_chunk_splits: 741.
num_chunks_enlarged: 533.
num_purges: 0.
num_inconsistent_stats: 0.

CodeHeap 'non-profiled nmethods': size=120000Kb used=1021Kb max_used=1021Kb free=118978Kb
 bounds [0x0000018a54750000, 0x0000018a549c0000, 0x0000018a5bc80000]
CodeHeap 'profiled nmethods': size=120000Kb used=6025Kb max_used=6025Kb free=113974Kb
 bounds [0x0000018a4d220000, 0x0000018a4d810000, 0x0000018a54750000]
CodeHeap 'non-nmethods': size=5760Kb used=1247Kb max_used=1265Kb free=4512Kb
 bounds [0x0000018a4cc80000, 0x0000018a4cef0000, 0x0000018a4d220000]
 total_blobs=3512 nmethods=2949 adapters=477
 compilation: enabled
              stopped_count=0, restarted_count=0
 full_count=0

Compilation events (20 events):
Event: 3.615 Thread 0x0000018a5fbf83d0 2940  s    1       java.lang.StringBuffer::length (5 bytes)
Event: 3.615 Thread 0x0000018a5fbf83d0 nmethod 2940 0x0000018a5484af10 code [0x0000018a5484b0a0, 0x0000018a5484b218]
Event: 3.615 Thread 0x0000018a5fbf83d0 2941       3       java.lang.Character::isSurrogate (18 bytes)
Event: 3.615 Thread 0x0000018a5fbf83d0 nmethod 2941 0x0000018a4d800110 code [0x0000018a4d8002a0, 0x0000018a4d800438]
Event: 3.616 Thread 0x0000018a5fbf83d0 2942       3       org.eclipse.osgi.internal.log.EquinoxLogWriter::write (27 bytes)
Event: 3.617 Thread 0x0000018a5fbf83d0 nmethod 2942 0x0000018a4d800510 code [0x0000018a4d8006e0, 0x0000018a4d800b18]
Event: 3.620 Thread 0x0000018a5fbf83d0 2944       1       sun.util.calendar.CalendarDate::getYear (5 bytes)
Event: 3.621 Thread 0x0000018a5fbf83d0 nmethod 2944 0x0000018a5484b690 code [0x0000018a5484b820, 0x0000018a5484b8f8]
Event: 3.628 Thread 0x0000018a5fbf83d0 2945       3       java.io.DataInputStream::readFully (9 bytes)
Event: 3.629 Thread 0x0000018a5fbf83d0 nmethod 2945 0x0000018a4d800c90 code [0x0000018a4d800e40, 0x0000018a4d800f88]
Event: 3.629 Thread 0x0000018a5fbf83d0 2946       3       java.util.Arrays$ArrayItr::next (36 bytes)
Event: 3.629 Thread 0x0000018a5fbf83d0 nmethod 2946 0x0000018a4d801090 code [0x0000018a4d801240, 0x0000018a4d801488]
Event: 3.629 Thread 0x0000018a5fbf83d0 2947       3       java.util.concurrent.ConcurrentHashMap$KeyIterator::next (34 bytes)
Event: 3.630 Thread 0x0000018a5fbf83d0 nmethod 2947 0x0000018a4d801590 code [0x0000018a4d801740, 0x0000018a4d8019b8]
Event: 3.631 Thread 0x0000018a5fbe1650 nmethod 2930 0x0000018a5484b990 code [0x0000018a5484bb80, 0x0000018a5484c928]
Event: 3.631 Thread 0x0000018a5fbe1650 2948       4       java.util.HashSet::add (20 bytes)
Event: 3.632 Thread 0x0000018a5fbf83d0 2949  s    3       java.io.ByteArrayInputStream::read (36 bytes)
Event: 3.632 Thread 0x0000018a5fbf83d0 nmethod 2949 0x0000018a4d801b10 code [0x0000018a4d801cc0, 0x0000018a4d801f18]
Event: 3.632 Thread 0x0000018a5fbf83d0 2950       3       java.io.DataInputStream::readByte (23 bytes)
Event: 3.632 Thread 0x0000018a5fbf83d0 nmethod 2950 0x0000018a4d802010 code [0x0000018a4d8021c0, 0x0000018a4d802498]

GC Heap History (10 events):
Event: 1.319 GC heap before
{Heap before GC invocations=1 (full 0):
 PSYoungGen      total 29696K, used 25600K [0x00000000eab00000, 0x00000000ecc00000, 0x0000000100000000)
  eden space 25600K, 100% used [0x00000000eab00000,0x00000000ec400000,0x00000000ec400000)
  from space 4096K, 0% used [0x00000000ec800000,0x00000000ec800000,0x00000000ecc00000)
  to   space 4096K, 0% used [0x00000000ec400000,0x00000000ec400000,0x00000000ec800000)
 ParOldGen       total 68608K, used 0K [0x00000000c0000000, 0x00000000c4300000, 0x00000000eab00000)
  object space 68608K, 0% used [0x00000000c0000000,0x00000000c0000000,0x00000000c4300000)
 Metaspace       used 12931K, committed 13120K, reserved 1064960K
  class space    used 1322K, committed 1408K, reserved 1048576K
}
Event: 1.325 GC heap after
{Heap after GC invocations=1 (full 0):
 PSYoungGen      total 29696K, used 3458K [0x00000000eab00000, 0x00000000ecc00000, 0x0000000100000000)
  eden space 25600K, 0% used [0x00000000eab00000,0x00000000eab00000,0x00000000ec400000)
  from space 4096K, 84% used [0x00000000ec400000,0x00000000ec7608f8,0x00000000ec800000)
  to   space 4096K, 0% used [0x00000000ec800000,0x00000000ec800000,0x00000000ecc00000)
 ParOldGen       total 68608K, used 16K [0x00000000c0000000, 0x00000000c4300000, 0x00000000eab00000)
  object space 68608K, 0% used [0x00000000c0000000,0x00000000c0004000,0x00000000c4300000)
 Metaspace       used 12931K, committed 13120K, reserved 1064960K
  class space    used 1322K, committed 1408K, reserved 1048576K
}
Event: 1.824 GC heap before
{Heap before GC invocations=2 (full 0):
 PSYoungGen      total 29696K, used 29058K [0x00000000eab00000, 0x00000000ecc00000, 0x0000000100000000)
  eden space 25600K, 100% used [0x00000000eab00000,0x00000000ec400000,0x00000000ec400000)
  from space 4096K, 84% used [0x00000000ec400000,0x00000000ec7608f8,0x00000000ec800000)
  to   space 4096K, 0% used [0x00000000ec800000,0x00000000ec800000,0x00000000ecc00000)
 ParOldGen       total 68608K, used 16K [0x00000000c0000000, 0x00000000c4300000, 0x00000000eab00000)
  object space 68608K, 0% used [0x00000000c0000000,0x00000000c0004000,0x00000000c4300000)
 Metaspace       used 16655K, committed 16960K, reserved 1064960K
  class space    used 1735K, committed 1856K, reserved 1048576K
}
Event: 1.828 GC heap after
{Heap after GC invocations=2 (full 0):
 PSYoungGen      total 29696K, used 4087K [0x00000000eab00000, 0x00000000ecc00000, 0x0000000100000000)
  eden space 25600K, 0% used [0x00000000eab00000,0x00000000eab00000,0x00000000ec400000)
  from space 4096K, 99% used [0x00000000ec800000,0x00000000ecbfde38,0x00000000ecc00000)
  to   space 4096K, 0% used [0x00000000ec400000,0x00000000ec400000,0x00000000ec800000)
 ParOldGen       total 68608K, used 2258K [0x00000000c0000000, 0x00000000c4300000, 0x00000000eab00000)
  object space 68608K, 3% used [0x00000000c0000000,0x00000000c0234bb0,0x00000000c4300000)
 Metaspace       used 16655K, committed 16960K, reserved 1064960K
  class space    used 1735K, committed 1856K, reserved 1048576K
}
Event: 2.174 GC heap before
{Heap before GC invocations=3 (full 0):
 PSYoungGen      total 29696K, used 16457K [0x00000000eab00000, 0x00000000ecc00000, 0x0000000100000000)
  eden space 25600K, 48% used [0x00000000eab00000,0x00000000eb714708,0x00000000ec400000)
  from space 4096K, 99% used [0x00000000ec800000,0x00000000ecbfde38,0x00000000ecc00000)
  to   space 4096K, 0% used [0x00000000ec400000,0x00000000ec400000,0x00000000ec800000)
 ParOldGen       total 68608K, used 2258K [0x00000000c0000000, 0x00000000c4300000, 0x00000000eab00000)
  object space 68608K, 3% used [0x00000000c0000000,0x00000000c0234bb0,0x00000000c4300000)
 Metaspace       used 21147K, committed 21504K, reserved 1073152K
  class space    used 2155K, committed 2304K, reserved 1048576K
}
Event: 2.177 GC heap after
{Heap after GC invocations=3 (full 0):
 PSYoungGen      total 29696K, used 4077K [0x00000000eab00000, 0x00000000ecc00000, 0x0000000100000000)
  eden space 25600K, 0% used [0x00000000eab00000,0x00000000eab00000,0x00000000ec400000)
  from space 4096K, 99% used [0x00000000ec400000,0x00000000ec7fb4d8,0x00000000ec800000)
  to   space 4096K, 0% used [0x00000000ec800000,0x00000000ec800000,0x00000000ecc00000)
 ParOldGen       total 68608K, used 4043K [0x00000000c0000000, 0x00000000c4300000, 0x00000000eab00000)
  object space 68608K, 5% used [0x00000000c0000000,0x00000000c03f2f90,0x00000000c4300000)
 Metaspace       used 21147K, committed 21504K, reserved 1073152K
  class space    used 2155K, committed 2304K, reserved 1048576K
}
Event: 2.177 GC heap before
{Heap before GC invocations=4 (full 1):
 PSYoungGen      total 29696K, used 4077K [0x00000000eab00000, 0x00000000ecc00000, 0x0000000100000000)
  eden space 25600K, 0% used [0x00000000eab00000,0x00000000eab00000,0x00000000ec400000)
  from space 4096K, 99% used [0x00000000ec400000,0x00000000ec7fb4d8,0x00000000ec800000)
  to   space 4096K, 0% used [0x00000000ec800000,0x00000000ec800000,0x00000000ecc00000)
 ParOldGen       total 68608K, used 4043K [0x00000000c0000000, 0x00000000c4300000, 0x00000000eab00000)
  object space 68608K, 5% used [0x00000000c0000000,0x00000000c03f2f90,0x00000000c4300000)
 Metaspace       used 21147K, committed 21504K, reserved 1073152K
  class space    used 2155K, committed 2304K, reserved 1048576K
}
Event: 2.190 GC heap after
{Heap after GC invocations=4 (full 1):
 PSYoungGen      total 29696K, used 0K [0x00000000eab00000, 0x00000000ecc00000, 0x0000000100000000)
  eden space 25600K, 0% used [0x00000000eab00000,0x00000000eab00000,0x00000000ec400000)
  from space 4096K, 0% used [0x00000000ec400000,0x00000000ec400000,0x00000000ec800000)
  to   space 4096K, 0% used [0x00000000ec800000,0x00000000ec800000,0x00000000ecc00000)
 ParOldGen       total 68608K, used 7945K [0x00000000c0000000, 0x00000000c4300000, 0x00000000eab00000)
  object space 68608K, 11% used [0x00000000c0000000,0x00000000c07c2688,0x00000000c4300000)
 Metaspace       used 21147K, committed 21504K, reserved 1073152K
  class space    used 2155K, committed 2304K, reserved 1048576K
}
Event: 3.127 GC heap before
{Heap before GC invocations=5 (full 1):
 PSYoungGen      total 29696K, used 25600K [0x00000000eab00000, 0x00000000ecc00000, 0x0000000100000000)
  eden space 25600K, 100% used [0x00000000eab00000,0x00000000ec400000,0x00000000ec400000)
  from space 4096K, 0% used [0x00000000ec400000,0x00000000ec400000,0x00000000ec800000)
  to   space 4096K, 0% used [0x00000000ec800000,0x00000000ec800000,0x00000000ecc00000)
 ParOldGen       total 68608K, used 7945K [0x00000000c0000000, 0x00000000c4300000, 0x00000000eab00000)
  object space 68608K, 11% used [0x00000000c0000000,0x00000000c07c2688,0x00000000c4300000)
 Metaspace       used 29059K, committed 29568K, reserved 1081344K
  class space    used 2887K, committed 3136K, reserved 1048576K
}
Event: 3.128 GC heap after
{Heap after GC invocations=5 (full 1):
 PSYoungGen      total 29696K, used 1520K [0x00000000eab00000, 0x00000000ecc00000, 0x0000000100000000)
  eden space 25600K, 0% used [0x00000000eab00000,0x00000000eab00000,0x00000000ec400000)
  from space 4096K, 37% used [0x00000000ec800000,0x00000000ec97c010,0x00000000ecc00000)
  to   space 4096K, 0% used [0x00000000ec400000,0x00000000ec400000,0x00000000ec800000)
 ParOldGen       total 68608K, used 7953K [0x00000000c0000000, 0x00000000c4300000, 0x00000000eab00000)
  object space 68608K, 11% used [0x00000000c0000000,0x00000000c07c4688,0x00000000c4300000)
 Metaspace       used 29059K, committed 29568K, reserved 1081344K
  class space    used 2887K, committed 3136K, reserved 1048576K
}

Deoptimization events (20 events):
Event: 3.093 Thread 0x0000018a611a6b30 Uncommon trap: trap_request=0xffffffc6 fr.pc=0x0000018a54801fdc relative=0x000000000000021c
Event: 3.093 Thread 0x0000018a611a6b30 Uncommon trap: reason=bimorphic_or_optimized_type_check action=maybe_recompile pc=0x0000018a54801fdc method=java.util.Collections$UnmodifiableCollection$1.<init>(Ljava/util/Collections$UnmodifiableCollection;)V @ 17 c2
Event: 3.093 Thread 0x0000018a611a6b30 DEOPT PACKING pc=0x0000018a54801fdc sp=0x00000033d7bfc640
Event: 3.093 Thread 0x0000018a611a6b30 DEOPT UNPACKING pc=0x0000018a4ccd20a3 sp=0x00000033d7bfc570 mode 2
Event: 3.105 Thread 0x0000018a49ff4250 Uncommon trap: trap_request=0xffffff76 fr.pc=0x0000018a5481eac4 relative=0x0000000000000604
Event: 3.105 Thread 0x0000018a49ff4250 Uncommon trap: reason=predicate action=maybe_recompile pc=0x0000018a5481eac4 method=java.util.TreeMap.getEntryUsingComparator(Ljava/lang/Object;)Ljava/util/TreeMap$Entry; @ 19 c2
Event: 3.105 Thread 0x0000018a49ff4250 DEOPT PACKING pc=0x0000018a5481eac4 sp=0x00000033d5efdf60
Event: 3.105 Thread 0x0000018a49ff4250 DEOPT UNPACKING pc=0x0000018a4ccd20a3 sp=0x00000033d5efdf10 mode 2
Event: 3.162 Thread 0x0000018a49ff4250 Uncommon trap: trap_request=0xffffffcc fr.pc=0x0000018a54831fec relative=0x000000000000024c
Event: 3.162 Thread 0x0000018a49ff4250 Uncommon trap: reason=intrinsic_or_type_checked_inlining action=make_not_entrant pc=0x0000018a54831fec method=java.util.ArrayList.toArray([Ljava/lang/Object;)[Ljava/lang/Object; @ 36 c2
Event: 3.162 Thread 0x0000018a49ff4250 DEOPT PACKING pc=0x0000018a54831fec sp=0x00000033d5efd0c0
Event: 3.162 Thread 0x0000018a49ff4250 DEOPT UNPACKING pc=0x0000018a4ccd20a3 sp=0x00000033d5efd0a0 mode 2
Event: 3.261 Thread 0x0000018a62657b60 Uncommon trap: trap_request=0xffffff76 fr.pc=0x0000018a54821518 relative=0x0000000000000c18
Event: 3.261 Thread 0x0000018a62657b60 Uncommon trap: reason=predicate action=maybe_recompile pc=0x0000018a54821518 method=java.util.TreeMap.put(Ljava/lang/Object;Ljava/lang/Object;Z)Ljava/lang/Object; @ 27 c2
Event: 3.261 Thread 0x0000018a62657b60 DEOPT PACKING pc=0x0000018a54821518 sp=0x00000033d90fdd60
Event: 3.261 Thread 0x0000018a62657b60 DEOPT UNPACKING pc=0x0000018a4ccd20a3 sp=0x00000033d90fdd00 mode 2
Event: 3.318 Thread 0x0000018a62657b60 Uncommon trap: trap_request=0xffffff45 fr.pc=0x0000018a54827168 relative=0x0000000000000308
Event: 3.318 Thread 0x0000018a62657b60 Uncommon trap: reason=unstable_if action=reinterpret pc=0x0000018a54827168 method=com.sun.org.apache.xerces.internal.impl.XMLEntityScanner.skipSpaces()Z @ 88 c2
Event: 3.318 Thread 0x0000018a62657b60 DEOPT PACKING pc=0x0000018a54827168 sp=0x00000033d90fd860
Event: 3.318 Thread 0x0000018a62657b60 DEOPT UNPACKING pc=0x0000018a4ccd20a3 sp=0x00000033d90fd7f8 mode 2

Classes unloaded (0 events):
No events

Classes redefined (0 events):
No events

Internal exceptions (20 events):
Event: 3.095 Thread 0x0000018a611a6b30 Exception <a 'java/lang/UnsatisfiedLinkError'{0x00000000ec396ee0}: 지정된 프로시저를 찾을 수 없습니다.
> (0x00000000ec396ee0) 
thrown [e:\jenkins\tmp\workspace\build\src\src\hotspot\share\prims\jni.cpp, line 535]
Event: 3.134 Thread 0x0000018a49ff4250 Exception <a 'java/lang/NoSuchMethodError'{0x00000000eab34a18}: 'void java.lang.invoke.DirectMethodHandle$Holder.invokeStatic(java.lang.Object, java.lang.Object, java.lang.Object, java.lang.Object)'> (0x00000000eab34a18) 
thrown [e:\jenkins\tmp\workspace\build\src\src\hotspot\share\interpreter\linkResolver.cpp, line 766]
Event: 3.202 Thread 0x0000018a49ff4250 Exception <a 'java/lang/NoSuchMethodError'{0x00000000eae9a620}: 'java.lang.Object java.lang.invoke.DirectMethodHandle$Holder.newInvokeSpecial(java.lang.Object, java.lang.Object, java.lang.Object, java.lang.Object, java.lang.Object)'> (0x00000000eae9a620) 
thrown [e:\jenkins\tmp\workspace\build\src\src\hotspot\share\interpreter\linkResolver.cpp, line 766]
Event: 3.254 Thread 0x0000018a62657b60 Exception <a 'java/io/FileNotFoundException'{0x00000000eb0cd240}> (0x00000000eb0cd240) 
thrown [e:\jenkins\tmp\workspace\build\src\src\hotspot\share\prims\jni.cpp, line 516]
Event: 3.263 Thread 0x0000018a62657b60 Exception <a 'sun/nio/fs/WindowsException'{0x00000000eb119878}> (0x00000000eb119878) 
thrown [e:\jenkins\tmp\workspace\build\src\src\hotspot\share\prims\jni.cpp, line 516]
Event: 3.278 Thread 0x0000018a62657b60 Exception <a 'java/io/FileNotFoundException'{0x00000000eb1be2c0}> (0x00000000eb1be2c0) 
thrown [e:\jenkins\tmp\workspace\build\src\src\hotspot\share\prims\jni.cpp, line 516]
Event: 3.324 Thread 0x0000018a62657b60 Exception <a 'sun/nio/fs/WindowsException'{0x00000000eb3e49d8}> (0x00000000eb3e49d8) 
thrown [e:\jenkins\tmp\workspace\build\src\src\hotspot\share\prims\jni.cpp, line 516]
Event: 3.344 Thread 0x0000018a62657b60 Exception <a 'java/lang/NoSuchMethodError'{0x00000000eb4000c0}: 'void java.lang.invoke.DirectMethodHandle$Holder.invokeStatic(java.lang.Object, long)'> (0x00000000eb4000c0) 
thrown [e:\jenkins\tmp\workspace\build\src\src\hotspot\share\interpreter\linkResolver.cpp, line 766]
Event: 3.344 Thread 0x0000018a62657b60 Exception <a 'java/lang/NoSuchMethodError'{0x00000000eb405888}: 'java.lang.Object java.lang.invoke.DirectMethodHandle$Holder.newInvokeSpecial(java.lang.Object, long)'> (0x00000000eb405888) 
thrown [e:\jenkins\tmp\workspace\build\src\src\hotspot\share\interpreter\linkResolver.cpp, line 766]
Event: 3.346 Thread 0x0000018a62657b60 Exception <a 'java/lang/NoSuchMethodError'{0x00000000eb40ce80}: 'java.lang.Object java.lang.invoke.DirectMethodHandle$Holder.invokeStatic(java.lang.Object, java.lang.Object, long, java.lang.Object)'> (0x00000000eb40ce80) 
thrown [e:\jenkins\tmp\workspace\build\src\src\hotspot\share\interpreter\linkResolver.cpp, line 766]
Event: 3.346 Thread 0x0000018a62657b60 Exception <a 'java/lang/NoSuchMethodError'{0x00000000eb410918}: 'java.lang.Object java.lang.invoke.DirectMethodHandle$Holder.invokeStaticInit(java.lang.Object, java.lang.Object, long, java.lang.Object)'> (0x00000000eb410918) 
thrown [e:\jenkins\tmp\workspace\build\src\src\hotspot\share\interpreter\linkResolver.cpp, line 766]
Event: 3.347 Thread 0x0000018a62657b60 Exception <a 'java/lang/NoSuchMethodError'{0x00000000eb416f28}: 'java.lang.Object java.lang.invoke.DirectMethodHandle$Holder.newInvokeSpecial(java.lang.Object, java.lang.Object, long)'> (0x00000000eb416f28) 
thrown [e:\jenkins\tmp\workspace\build\src\src\hotspot\share\interpreter\linkResolver.cpp, line 766]
Event: 3.347 Thread 0x0000018a62657b60 Exception <a 'java/lang/NoSuchMethodError'{0x00000000eb41b138}: 'java.lang.Object java.lang.invoke.Invokers$Holder.linkToTargetMethod(java.lang.Object, long, java.lang.Object)'> (0x00000000eb41b138) 
thrown [e:\jenkins\tmp\workspace\build\src\src\hotspot\share\interpreter\linkResolver.cpp, line 766]
Event: 3.357 Thread 0x0000018a62657b60 Exception <a 'java/lang/NoSuchMethodError'{0x00000000eb467860}: 'void java.lang.invoke.DirectMethodHandle$Holder.invokeVirtual(java.lang.Object, java.lang.Object)'> (0x00000000eb467860) 
thrown [e:\jenkins\tmp\workspace\build\src\src\hotspot\share\interpreter\linkResolver.cpp, line 766]
Event: 3.497 Thread 0x0000018a6265d200 Exception <a 'java/lang/InterruptedException'{0x00000000eb4aea00}> (0x00000000eb4aea00) 
thrown [e:\jenkins\tmp\workspace\build\src\src\hotspot\share\runtime\objectMonitor.cpp, line 1661]
Event: 3.525 Thread 0x0000018a62657690 Exception <a 'java/lang/InterruptedException'{0x00000000eb573a50}> (0x00000000eb573a50) 
thrown [e:\jenkins\tmp\workspace\build\src\src\hotspot\share\runtime\objectMonitor.cpp, line 1661]
Event: 3.601 Thread 0x0000018a62656cf0 Exception <a 'sun/nio/fs/WindowsException'{0x00000000eb67af68}> (0x00000000eb67af68) 
thrown [e:\jenkins\tmp\workspace\build\src\src\hotspot\share\prims\jni.cpp, line 516]
Event: 3.607 Thread 0x0000018a62656cf0 Exception <a 'sun/nio/fs/WindowsException'{0x00000000eb69c700}> (0x00000000eb69c700) 
thrown [e:\jenkins\tmp\workspace\build\src\src\hotspot\share\prims\jni.cpp, line 516]
Event: 3.615 Thread 0x0000018a62656cf0 Exception <a 'sun/nio/fs/WindowsException'{0x00000000eb6db9a0}> (0x00000000eb6db9a0) 
thrown [e:\jenkins\tmp\workspace\build\src\src\hotspot\share\prims\jni.cpp, line 516]
Event: 3.621 Thread 0x0000018a62657b60 Exception <a 'java/lang/reflect/InvocationTargetException'{0x00000000eb6f1278}> (0x00000000eb6f1278) 
thrown [e:\jenkins\tmp\workspace\build\src\src\hotspot\share\runtime\reflection.cpp, line 1121]

VM Operations (20 events):
Event: 2.423 Executing VM operation: HandshakeAllThreads
Event: 2.423 Executing VM operation: HandshakeAllThreads done
Event: 2.983 Executing VM operation: HandshakeAllThreads
Event: 2.983 Executing VM operation: HandshakeAllThreads done
Event: 3.017 Executing VM operation: HandshakeAllThreads
Event: 3.017 Executing VM operation: HandshakeAllThreads done
Event: 3.068 Executing VM operation: HandshakeAllThreads
Event: 3.068 Executing VM operation: HandshakeAllThreads done
Event: 3.070 Executing VM operation: HandshakeAllThreads
Event: 3.071 Executing VM operation: HandshakeAllThreads done
Event: 3.095 Executing VM operation: ICBufferFull
Event: 3.095 Executing VM operation: ICBufferFull done
Event: 3.127 Executing VM operation: ParallelGCFailedAllocation
Event: 3.128 Executing VM operation: ParallelGCFailedAllocation done
Event: 3.249 Executing VM operation: HandshakeAllThreads
Event: 3.249 Executing VM operation: HandshakeAllThreads done
Event: 3.328 Executing VM operation: HandshakeAllThreads
Event: 3.328 Executing VM operation: HandshakeAllThreads done
Event: 3.348 Executing VM operation: HandshakeAllThreads
Event: 3.348 Executing VM operation: HandshakeAllThreads done

Events (20 events):
Event: 3.630 loading class java/time/zone/ZoneRules
Event: 3.630 loading class java/time/zone/ZoneRules done
Event: 3.630 loading class java/time/zone/ZoneOffsetTransitionRule
Event: 3.631 loading class java/time/zone/ZoneOffsetTransitionRule done
Event: 3.631 loading class java/time/LocalDateTime
Event: 3.631 loading class java/time/chrono/ChronoLocalDateTime
Event: 3.631 loading class java/time/chrono/ChronoLocalDateTime done
Event: 3.631 loading class java/time/LocalDateTime done
Event: 3.632 loading class java/time/ZoneOffset
Event: 3.632 loading class java/time/ZoneOffset done
Event: 3.632 loading class java/time/zone/ZoneOffsetTransition
Event: 3.632 loading class java/time/zone/ZoneOffsetTransition done
Event: 3.632 loading class java/time/LocalDate
Event: 3.633 loading class java/time/chrono/ChronoLocalDate
Event: 3.633 loading class java/time/chrono/ChronoLocalDate done
Event: 3.633 loading class java/time/LocalDate done
Event: 3.633 loading class java/time/temporal/ChronoField
Event: 3.633 loading class java/time/temporal/TemporalField
Event: 3.633 loading class java/time/temporal/TemporalField done
Event: 3.633 loading class java/time/temporal/ChronoField done


Dynamic libraries:
0x00007ff64c730000 - 0x00007ff64c73e000 	c:\Users\jsg89\.vscode\extensions\redhat.java-1.5.0-win32-x64\jre\17.0.2-win32-x86_64\bin\java.exe
0x00007ff983fd0000 - 0x00007ff9841c7000 	C:\Windows\SYSTEM32\ntdll.dll
0x00007ff982690000 - 0x00007ff98274d000 	C:\Windows\System32\KERNEL32.DLL
0x00007ff981960000 - 0x00007ff981c2d000 	C:\Windows\System32\KERNELBASE.dll
0x00007ff981ce0000 - 0x00007ff981de0000 	C:\Windows\System32\ucrtbase.dll
0x00007ff97b800000 - 0x00007ff97b819000 	c:\Users\jsg89\.vscode\extensions\redhat.java-1.5.0-win32-x64\jre\17.0.2-win32-x86_64\bin\VCRUNTIME140.dll
0x00007ff96d690000 - 0x00007ff96d6a8000 	c:\Users\jsg89\.vscode\extensions\redhat.java-1.5.0-win32-x64\jre\17.0.2-win32-x86_64\bin\jli.dll
0x00007ff982c80000 - 0x00007ff982e20000 	C:\Windows\System32\USER32.dll
0x00007ff981e30000 - 0x00007ff981e52000 	C:\Windows\System32\win32u.dll
0x00007ff983f60000 - 0x00007ff983f8a000 	C:\Windows\System32\GDI32.dll
0x00007ff981850000 - 0x00007ff98195b000 	C:\Windows\System32\gdi32full.dll
0x00007ff967760000 - 0x00007ff9679fa000 	C:\Windows\WinSxS\amd64_microsoft.windows.common-controls_6595b64144ccf1df_6.0.19041.1110_none_60b5254171f9507e\COMCTL32.dll
0x00007ff9816f0000 - 0x00007ff98178d000 	C:\Windows\System32\msvcp_win.dll
0x00007ff9821e0000 - 0x00007ff98227e000 	C:\Windows\System32\msvcrt.dll
0x00007ff982470000 - 0x00007ff9824a0000 	C:\Windows\System32\IMM32.DLL
0x00007ff97cee0000 - 0x00007ff97ceec000 	c:\Users\jsg89\.vscode\extensions\redhat.java-1.5.0-win32-x64\jre\17.0.2-win32-x86_64\bin\vcruntime140_1.dll
0x00007ff951a20000 - 0x00007ff951ab1000 	c:\Users\jsg89\.vscode\extensions\redhat.java-1.5.0-win32-x64\jre\17.0.2-win32-x86_64\bin\msvcp140.dll
0x00007ff94b380000 - 0x00007ff94bfc7000 	c:\Users\jsg89\.vscode\extensions\redhat.java-1.5.0-win32-x64\jre\17.0.2-win32-x86_64\bin\server\jvm.dll
0x00007ff982280000 - 0x00007ff98232e000 	C:\Windows\System32\ADVAPI32.dll
0x00007ff982750000 - 0x00007ff9827ec000 	C:\Windows\System32\sechost.dll
0x00007ff982e20000 - 0x00007ff982f45000 	C:\Windows\System32\RPCRT4.dll
0x00007ff983800000 - 0x00007ff983808000 	C:\Windows\System32\PSAPI.DLL
0x00007ff975c70000 - 0x00007ff975c97000 	C:\Windows\SYSTEM32\WINMM.dll
0x00007ff97f690000 - 0x00007ff97f69a000 	C:\Windows\SYSTEM32\VERSION.dll
0x00007ff96b930000 - 0x00007ff96b939000 	C:\Windows\SYSTEM32\WSOCK32.dll
0x00007ff9824b0000 - 0x00007ff98251b000 	C:\Windows\System32\WS2_32.dll
0x00007ff97ff40000 - 0x00007ff97ff52000 	C:\Windows\SYSTEM32\kernel.appcore.dll
0x00007ff97bb30000 - 0x00007ff97bb3a000 	c:\Users\jsg89\.vscode\extensions\redhat.java-1.5.0-win32-x64\jre\17.0.2-win32-x86_64\bin\jimage.dll
0x00007ff979850000 - 0x00007ff979a34000 	C:\Windows\SYSTEM32\DBGHELP.DLL
0x00007ff96d900000 - 0x00007ff96d92c000 	C:\Windows\SYSTEM32\dbgcore.DLL
0x00007ff981790000 - 0x00007ff981812000 	C:\Windows\System32\bcryptPrimitives.dll
0x00007ff967360000 - 0x00007ff967385000 	c:\Users\jsg89\.vscode\extensions\redhat.java-1.5.0-win32-x64\jre\17.0.2-win32-x86_64\bin\java.dll
0x00007ff96b910000 - 0x00007ff96b928000 	c:\Users\jsg89\.vscode\extensions\redhat.java-1.5.0-win32-x64\jre\17.0.2-win32-x86_64\bin\zip.dll
0x00007ff983810000 - 0x00007ff983f54000 	C:\Windows\System32\SHELL32.dll
0x00007ff97f790000 - 0x00007ff97ff24000 	C:\Windows\SYSTEM32\windows.storage.dll
0x00007ff9834a0000 - 0x00007ff9837f4000 	C:\Windows\System32\combase.dll
0x00007ff980fa0000 - 0x00007ff980fcc000 	C:\Windows\SYSTEM32\Wldp.dll
0x00007ff982bd0000 - 0x00007ff982c7d000 	C:\Windows\System32\SHCORE.dll
0x00007ff982850000 - 0x00007ff9828a5000 	C:\Windows\System32\shlwapi.dll
0x00007ff981630000 - 0x00007ff98164f000 	C:\Windows\SYSTEM32\profapi.dll
0x00007ff967e90000 - 0x00007ff967ea9000 	C:\Users\jsg89\.vscode\extensions\redhat.java-1.5.0-win32-x64\jre\17.0.2-win32-x86_64\bin\net.dll
0x00007ff979330000 - 0x00007ff97943a000 	C:\Windows\SYSTEM32\WINHTTP.dll
0x00007ff980d80000 - 0x00007ff980dea000 	C:\Windows\system32\mswsock.dll
0x00007ff967420000 - 0x00007ff967435000 	C:\Users\jsg89\.vscode\extensions\redhat.java-1.5.0-win32-x64\jre\17.0.2-win32-x86_64\bin\nio.dll
0x00007ff980fe0000 - 0x00007ff980ff8000 	C:\Windows\SYSTEM32\CRYPTSP.dll
0x00007ff980720000 - 0x00007ff980754000 	C:\Windows\system32\rsaenh.dll
0x00007ff981820000 - 0x00007ff981847000 	C:\Windows\System32\bcrypt.dll
0x00007ff9815b0000 - 0x00007ff9815de000 	C:\Windows\SYSTEM32\USERENV.dll
0x00007ff980f10000 - 0x00007ff980f1c000 	C:\Windows\SYSTEM32\CRYPTBASE.dll
0x00007ff980a90000 - 0x00007ff980acb000 	C:\Windows\SYSTEM32\IPHLPAPI.DLL
0x00007ff9828b0000 - 0x00007ff9828b8000 	C:\Windows\System32\NSI.dll
0x00007ff979620000 - 0x00007ff979637000 	C:\Windows\SYSTEM32\dhcpcsvc6.DLL
0x00007ff979440000 - 0x00007ff97945d000 	C:\Windows\SYSTEM32\dhcpcsvc.DLL
0x00007ff980ad0000 - 0x00007ff980b9b000 	C:\Windows\SYSTEM32\DNSAPI.dll
0x00007ff9670d0000 - 0x00007ff96710e000 	C:\Users\jsg89\AppData\Roaming\Code\User\globalStorage\redhat.java\1.5.0\config_ss_win\org.eclipse.equinox.launcher\org.eclipse.equinox.launcher.win32.win32.x86_64_1.2.400.v20211117-0650\eclipse_11602.dll
0x00007ff982030000 - 0x00007ff98215a000 	C:\Windows\System32\ole32.dll
0x00007ff97b750000 - 0x00007ff97b760000 	c:\Users\jsg89\.vscode\extensions\redhat.java-1.5.0-win32-x64\jre\17.0.2-win32-x86_64\bin\verify.dll
0x00007ff953d00000 - 0x00007ff953d44000 	C:\Users\jsg89\AppData\Local\Temp\jna-101419967\jna15958734142277807774.dll
0x00007ff97eb60000 - 0x00007ff97ebf0000 	C:\Windows\system32\apphelp.dll

dbghelp: loaded successfully - version: 4.0.5 - missing functions: none
symbol engine: initialized successfully - sym options: 0x614 - pdb path: .;c:\Users\jsg89\.vscode\extensions\redhat.java-1.5.0-win32-x64\jre\17.0.2-win32-x86_64\bin;C:\Windows\SYSTEM32;C:\Windows\WinSxS\amd64_microsoft.windows.common-controls_6595b64144ccf1df_6.0.19041.1110_none_60b5254171f9507e;c:\Users\jsg89\.vscode\extensions\redhat.java-1.5.0-win32-x64\jre\17.0.2-win32-x86_64\bin\server;C:\Users\jsg89\AppData\Roaming\Code\User\globalStorage\redhat.java\1.5.0\config_ss_win\org.eclipse.equinox.launcher\org.eclipse.equinox.launcher.win32.win32.x86_64_1.2.400.v20211117-0650;C:\Users\jsg89\AppData\Local\Temp\jna-101419967

VM Arguments:
jvm_args: --add-modules=ALL-SYSTEM --add-opens=java.base/java.util=ALL-UNNAMED --add-opens=java.base/java.lang=ALL-UNNAMED --add-opens=java.base/sun.nio.fs=ALL-UNNAMED -Declipse.application=org.eclipse.jdt.ls.core.id1 -Dosgi.bundles.defaultStartLevel=4 -Declipse.product=org.eclipse.jdt.ls.core.product -Djava.import.generatesMetadataFilesAtProjectRoot=false -Dfile.encoding=utf8 -DwatchParentProcess=false -XX:+UseParallelGC -XX:GCTimeRatio=4 -XX:AdaptiveSizePolicyWeight=90 -Dsun.zip.disableMemoryMapping=true -Xmx1G -Xms100m 
java_command: c:\Users\jsg89\.vscode\extensions\redhat.java-1.5.0-win32-x64\server\plugins\org.eclipse.equinox.launcher_1.6.400.v20210924-0641.jar -configuration c:\Users\jsg89\AppData\Roaming\Code\User\globalStorage\redhat.java\1.5.0\config_ss_win -data c:\Users\jsg89\AppData\Roaming\Code\User\workspaceStorage\012c0a4babd1442ed0c8326ae860b403\redhat.java\ss_ws
java_class_path (initial): c:\Users\jsg89\.vscode\extensions\redhat.java-1.5.0-win32-x64\server\plugins\org.eclipse.equinox.launcher_1.6.400.v20210924-0641.jar
Launcher Type: SUN_STANDARD

[Global flags]
    uintx AdaptiveSizePolicyWeight                 = 90                                        {product} {command line}
     intx CICompilerCount                          = 4                                         {product} {ergonomic}
    uintx GCTimeRatio                              = 4                                         {product} {command line}
   size_t InitialHeapSize                          = 104857600                                 {product} {command line}
   size_t MaxHeapSize                              = 1073741824                                {product} {command line}
   size_t MaxNewSize                               = 357564416                                 {product} {ergonomic}
   size_t MinHeapDeltaBytes                        = 524288                                    {product} {ergonomic}
   size_t MinHeapSize                              = 104857600                                 {product} {command line}
   size_t NewSize                                  = 34603008                                  {product} {ergonomic}
    uintx NonNMethodCodeHeapSize                   = 5839372                                {pd product} {ergonomic}
    uintx NonProfiledCodeHeapSize                  = 122909434                              {pd product} {ergonomic}
   size_t OldSize                                  = 70254592                                  {product} {ergonomic}
    uintx ProfiledCodeHeapSize                     = 122909434                              {pd product} {ergonomic}
    uintx ReservedCodeCacheSize                    = 251658240                              {pd product} {ergonomic}
     bool SegmentedCodeCache                       = true                                      {product} {ergonomic}
   size_t SoftMaxHeapSize                          = 1073741824                             {manageable} {ergonomic}
     bool UseCompressedClassPointers               = true                           {product lp64_product} {ergonomic}
     bool UseCompressedOops                        = true                           {product lp64_product} {ergonomic}
     bool UseLargePagesIndividualAllocation        = false                                  {pd product} {ergonomic}
     bool UseParallelGC                            = true                                      {product} {command line}

Logging:
Log output configuration:
 #0: stdout all=warning uptime,level,tags
 #1: stderr all=off uptime,level,tags

Environment Variables:
JAVA_HOME=C:\Program Files\Java\jdk1.8.0_321
PATH=C:\Program Files (x86)\VMware\VMware Workstation\bin\;C:\Program Files\Eclipse Adoptium\jdk-11.0.14.101-hotspot\bin;C:\Program Files\Java\jdk1.8.0_321\bin;C:\Program Files\Java\jdk-11.0.14\bin;C:\Program Files\Java\jdk-17.0.2\bin;C:\Program Files\Common Files\Oracle\Java\javapath;C:\oraclexe\app\oracle\product\11.2.0\server\bin;C:\Program Files (x86)\Common Files\Oracle\Java\javapath;C:\Windows\system32;C:\Windows;C:\Windows\System32\Wbem;C:\Windows\System32\WindowsPowerShell\v1.0\;C:\Windows\System32\OpenSSH\;C:\Program Files\Bandizip\;C:\Program Files\Git\cmd;C:\Program Files\nodejs\;C:\Program Files\MySQL\MySQL Shell 8.0\bin\;C:\Program Files\Java\jdk1.8.0_321\bin;C:\Program Files\Java\jdk-11.0.14\bin;C:\Program Files\Java\jdk-17.0.2\bin;C:\Users\jsg89\AppData\Local\Microsoft\WindowsApps;C:\Users\jsg89\AppData\Local\Programs\Microsoft VS Code\bin;C:\Users\jsg89\AppData\Roaming\npm;C:\Users\jsg89\AppData\Local\atom\bin
USERNAME=jsg89
OS=Windows_NT
PROCESSOR_IDENTIFIER=AMD64 Family 23 Model 104 Stepping 1, AuthenticAMD



---------------  S Y S T E M  ---------------

OS:
 Windows 10 , 64 bit Build 19041 (10.0.19041.1741)
OS uptime: 2 days 22:57 hours
Hyper-V role detected

CPU: total 12 (initial active 12) (12 cores per cpu, 2 threads per core) family 23 model 104 stepping 1 microcode 0x0, cx8, cmov, fxsr, ht, mmx, 3dnowpref, sse, sse2, sse3, ssse3, sse4a, sse4.1, sse4.2, popcnt, lzcnt, tsc, tscinvbit, avx, avx2, aes, clmul, bmi1, bmi2, adx, sha, fma, vzeroupper, clflush, clflushopt, hv

Memory: 4k page, system-wide physical 15754M (7946M free)
TotalPageFile size 15754M (AvailPageFile size 259M)
current process WorkingSet (physical memory assigned to process): 132M, peak: 132M
current process commit charge ("private bytes"): 244M, peak: 244M

vm_info: OpenJDK 64-Bit Server VM (17.0.2+8) for windows-amd64 JRE (17.0.2+8), built on Jan 20 2022 04:52:34 by "" with MS VC++ 16.7 (VS2019)

END.
